2024-07-16 14:52:28,994 [INFO] Activator:177 - 


2024-07-16 14:52:28,995 [INFO] Activator:178 - !SESSION log4j initialized
2024-07-16 15:06:12,989 [INFO] Activator:177 - 


2024-07-16 15:06:12,990 [INFO] Activator:178 - !SESSION log4j initialized
2024-07-16 15:06:36,005 [ERROR] LogOutputStream:74 - [STDERR_REDIRECT] SLF4J: Failed to load class "org.slf4j.impl.StaticLoggerBinder".
2024-07-16 15:06:36,006 [ERROR] LogOutputStream:74 - [STDERR_REDIRECT] SLF4J: Defaulting to no-operation (NOP) logger implementation
2024-07-16 15:06:36,006 [ERROR] LogOutputStream:74 - [STDERR_REDIRECT] SLF4J: See http://www.slf4j.org/codes.html#StaticLoggerBinder for further details.
2024-07-16 15:18:40,417 [INFO] Activator:177 - 


2024-07-16 15:18:40,419 [INFO] Activator:178 - !SESSION log4j initialized
2024-07-16 15:19:05,211 [ERROR] LogOutputStream:74 - [STDERR_REDIRECT] SLF4J: Failed to load class "org.slf4j.impl.StaticLoggerBinder".
2024-07-16 15:19:05,213 [ERROR] LogOutputStream:74 - [STDERR_REDIRECT] SLF4J: Defaulting to no-operation (NOP) logger implementation
2024-07-16 15:19:05,213 [ERROR] LogOutputStream:74 - [STDERR_REDIRECT] SLF4J: See http://www.slf4j.org/codes.html#StaticLoggerBinder for further details.
2024-07-16 15:22:53,482 [ERROR] LogOutputStream:74 - [STDERR_REDIRECT] Warning: NLS missing message: ExternalToolsPreferencePage_External_tool_project_builders_migration_2 in: org.eclipse.ui.externaltools.internal.ui.ExternalToolsUIMessages
2024-07-16 15:22:53,483 [ERROR] LogOutputStream:74 - [STDERR_REDIRECT] Warning: NLS missing message: ExternalToolsPreferencePage_Prompt_before_migrating_3 in: org.eclipse.ui.externaltools.internal.ui.ExternalToolsUIMessages
2024-07-16 15:22:53,484 [ERROR] LogOutputStream:74 - [STDERR_REDIRECT] Warning: NLS missing message: ExternalToolsPreferencePage_1 in: org.eclipse.ui.externaltools.internal.ui.ExternalToolsUIMessages
2024-07-16 15:36:14,226 [INFO] Activator:177 - 


2024-07-16 15:36:14,228 [INFO] Activator:178 - !SESSION log4j initialized
2024-07-16 15:36:37,922 [ERROR] LogOutputStream:74 - [STDERR_REDIRECT] SLF4J: Failed to load class "org.slf4j.impl.StaticLoggerBinder".
2024-07-16 15:36:37,923 [ERROR] LogOutputStream:74 - [STDERR_REDIRECT] SLF4J: Defaulting to no-operation (NOP) logger implementation
2024-07-16 15:36:37,923 [ERROR] LogOutputStream:74 - [STDERR_REDIRECT] SLF4J: See http://www.slf4j.org/codes.html#StaticLoggerBinder for further details.
2024-07-16 17:02:00,104 [INFO] Activator:177 - 


2024-07-16 17:02:00,106 [INFO] Activator:178 - !SESSION log4j initialized
2024-07-16 17:02:25,444 [ERROR] LogOutputStream:74 - [STDERR_REDIRECT] SLF4J: Failed to load class "org.slf4j.impl.StaticLoggerBinder".
2024-07-16 17:02:25,446 [ERROR] LogOutputStream:74 - [STDERR_REDIRECT] SLF4J: Defaulting to no-operation (NOP) logger implementation
2024-07-16 17:02:25,446 [ERROR] LogOutputStream:74 - [STDERR_REDIRECT] SLF4J: See http://www.slf4j.org/codes.html#StaticLoggerBinder for further details.
2024-07-18 12:58:41,048 [INFO] Activator:177 - 


2024-07-18 12:58:41,050 [INFO] Activator:178 - !SESSION log4j initialized
2024-07-18 12:59:06,371 [ERROR] LogOutputStream:74 - [STDERR_REDIRECT] SLF4J: Failed to load class "org.slf4j.impl.StaticLoggerBinder".
2024-07-18 12:59:06,373 [ERROR] LogOutputStream:74 - [STDERR_REDIRECT] SLF4J: Defaulting to no-operation (NOP) logger implementation
2024-07-18 12:59:06,373 [ERROR] LogOutputStream:74 - [STDERR_REDIRECT] SLF4J: See http://www.slf4j.org/codes.html#StaticLoggerBinder for further details.
2024-07-19 14:23:33,492 [INFO] Activator:177 - 


2024-07-19 14:23:33,494 [INFO] Activator:178 - !SESSION log4j initialized
2024-07-19 14:23:58,810 [ERROR] LogOutputStream:74 - [STDERR_REDIRECT] SLF4J: Failed to load class "org.slf4j.impl.StaticLoggerBinder".
2024-07-19 14:23:58,811 [ERROR] LogOutputStream:74 - [STDERR_REDIRECT] SLF4J: Defaulting to no-operation (NOP) logger implementation
2024-07-19 14:23:58,811 [ERROR] LogOutputStream:74 - [STDERR_REDIRECT] SLF4J: See http://www.slf4j.org/codes.html#StaticLoggerBinder for further details.
2024-07-19 16:46:56,314 [INFO] Activator:177 - 


2024-07-19 16:46:56,316 [INFO] Activator:178 - !SESSION log4j initialized
2024-07-19 16:47:21,865 [ERROR] LogOutputStream:74 - [STDERR_REDIRECT] SLF4J: Failed to load class "org.slf4j.impl.StaticLoggerBinder".
2024-07-19 16:47:21,866 [ERROR] LogOutputStream:74 - [STDERR_REDIRECT] SLF4J: Defaulting to no-operation (NOP) logger implementation
2024-07-19 16:47:21,866 [ERROR] LogOutputStream:74 - [STDERR_REDIRECT] SLF4J: See http://www.slf4j.org/codes.html#StaticLoggerBinder for further details.
2024-07-19 20:45:37,847 [INFO] Activator:177 - 


2024-07-19 20:45:37,848 [INFO] Activator:178 - !SESSION log4j initialized
2024-07-19 20:46:03,609 [ERROR] LogOutputStream:74 - [STDERR_REDIRECT] SLF4J: Failed to load class "org.slf4j.impl.StaticLoggerBinder".
2024-07-19 20:46:03,610 [ERROR] LogOutputStream:74 - [STDERR_REDIRECT] SLF4J: Defaulting to no-operation (NOP) logger implementation
2024-07-19 20:46:03,610 [ERROR] LogOutputStream:74 - [STDERR_REDIRECT] SLF4J: See http://www.slf4j.org/codes.html#StaticLoggerBinder for further details.
2024-07-20 11:07:35,729 [INFO] Activator:177 - 


2024-07-20 11:07:35,730 [INFO] Activator:178 - !SESSION log4j initialized
2024-07-20 11:08:01,193 [ERROR] LogOutputStream:74 - [STDERR_REDIRECT] SLF4J: Failed to load class "org.slf4j.impl.StaticLoggerBinder".
2024-07-20 11:08:01,194 [ERROR] LogOutputStream:74 - [STDERR_REDIRECT] SLF4J: Defaulting to no-operation (NOP) logger implementation
2024-07-20 11:08:01,194 [ERROR] LogOutputStream:74 - [STDERR_REDIRECT] SLF4J: See http://www.slf4j.org/codes.html#StaticLoggerBinder for further details.
2024-07-20 18:20:35,490 [INFO] Activator:177 - 


2024-07-20 18:20:35,492 [INFO] Activator:178 - !SESSION log4j initialized
2024-07-20 18:21:00,555 [ERROR] LogOutputStream:74 - [STDERR_REDIRECT] SLF4J: Failed to load class "org.slf4j.impl.StaticLoggerBinder".
2024-07-20 18:21:00,556 [ERROR] LogOutputStream:74 - [STDERR_REDIRECT] SLF4J: Defaulting to no-operation (NOP) logger implementation
2024-07-20 18:21:00,556 [ERROR] LogOutputStream:74 - [STDERR_REDIRECT] SLF4J: See http://www.slf4j.org/codes.html#StaticLoggerBinder for further details.
2024-07-21 13:21:16,626 [INFO] Activator:177 - 


2024-07-21 13:21:16,628 [INFO] Activator:178 - !SESSION log4j initialized
2024-07-21 13:21:42,335 [ERROR] LogOutputStream:74 - [STDERR_REDIRECT] SLF4J: Failed to load class "org.slf4j.impl.StaticLoggerBinder".
2024-07-21 13:21:42,336 [ERROR] LogOutputStream:74 - [STDERR_REDIRECT] SLF4J: Defaulting to no-operation (NOP) logger implementation
2024-07-21 13:21:42,337 [ERROR] LogOutputStream:74 - [STDERR_REDIRECT] SLF4J: See http://www.slf4j.org/codes.html#StaticLoggerBinder for further details.
2024-07-21 23:01:38,635 [INFO] Activator:177 - 


2024-07-21 23:01:38,636 [INFO] Activator:178 - !SESSION log4j initialized
2024-07-21 23:02:06,427 [ERROR] LogOutputStream:74 - [STDERR_REDIRECT] SLF4J: Failed to load class "org.slf4j.impl.StaticLoggerBinder".
2024-07-21 23:02:06,428 [ERROR] LogOutputStream:74 - [STDERR_REDIRECT] SLF4J: Defaulting to no-operation (NOP) logger implementation
2024-07-21 23:02:06,428 [ERROR] LogOutputStream:74 - [STDERR_REDIRECT] SLF4J: See http://www.slf4j.org/codes.html#StaticLoggerBinder for further details.
2024-07-22 14:46:47,517 [INFO] Activator:177 - 


2024-07-22 14:46:47,518 [INFO] Activator:178 - !SESSION log4j initialized
2024-07-22 14:47:14,120 [ERROR] LogOutputStream:74 - [STDERR_REDIRECT] SLF4J: Failed to load class "org.slf4j.impl.StaticLoggerBinder".
2024-07-22 14:47:14,121 [ERROR] LogOutputStream:74 - [STDERR_REDIRECT] SLF4J: Defaulting to no-operation (NOP) logger implementation
2024-07-22 14:47:14,121 [ERROR] LogOutputStream:74 - [STDERR_REDIRECT] SLF4J: See http://www.slf4j.org/codes.html#StaticLoggerBinder for further details.
2024-07-24 10:19:00,031 [INFO] Activator:177 - 


2024-07-24 10:19:00,032 [INFO] Activator:178 - !SESSION log4j initialized
2024-07-24 10:19:32,223 [ERROR] LogOutputStream:74 - [STDERR_REDIRECT] SLF4J: Failed to load class "org.slf4j.impl.StaticLoggerBinder".
2024-07-24 10:19:32,225 [ERROR] LogOutputStream:74 - [STDERR_REDIRECT] SLF4J: Defaulting to no-operation (NOP) logger implementation
2024-07-24 10:19:32,225 [ERROR] LogOutputStream:74 - [STDERR_REDIRECT] SLF4J: See http://www.slf4j.org/codes.html#StaticLoggerBinder for further details.
2024-07-24 13:58:57,394 [INFO] Activator:177 - 


2024-07-24 13:58:57,395 [INFO] Activator:178 - !SESSION log4j initialized
2024-07-24 13:59:23,172 [ERROR] LogOutputStream:74 - [STDERR_REDIRECT] SLF4J: Failed to load class "org.slf4j.impl.StaticLoggerBinder".
2024-07-24 13:59:23,173 [ERROR] LogOutputStream:74 - [STDERR_REDIRECT] SLF4J: Defaulting to no-operation (NOP) logger implementation
2024-07-24 13:59:23,173 [ERROR] LogOutputStream:74 - [STDERR_REDIRECT] SLF4J: See http://www.slf4j.org/codes.html#StaticLoggerBinder for further details.
2024-07-24 14:05:33,261 [INFO] Activator:177 - 


2024-07-24 14:05:33,263 [INFO] Activator:178 - !SESSION log4j initialized
2024-07-24 14:06:01,601 [ERROR] LogOutputStream:74 - [STDERR_REDIRECT] SLF4J: Failed to load class "org.slf4j.impl.StaticLoggerBinder".
2024-07-24 14:06:01,602 [ERROR] LogOutputStream:74 - [STDERR_REDIRECT] SLF4J: Defaulting to no-operation (NOP) logger implementation
2024-07-24 14:06:01,603 [ERROR] LogOutputStream:74 - [STDERR_REDIRECT] SLF4J: See http://www.slf4j.org/codes.html#StaticLoggerBinder for further details.
2024-07-26 10:09:54,866 [INFO] Activator:177 - 


2024-07-26 10:09:54,867 [INFO] Activator:178 - !SESSION log4j initialized
2024-07-26 10:10:19,382 [ERROR] LogOutputStream:74 - [STDERR_REDIRECT] SLF4J: Failed to load class "org.slf4j.impl.StaticLoggerBinder".
2024-07-26 10:10:19,384 [ERROR] LogOutputStream:74 - [STDERR_REDIRECT] SLF4J: Defaulting to no-operation (NOP) logger implementation
2024-07-26 10:10:19,384 [ERROR] LogOutputStream:74 - [STDERR_REDIRECT] SLF4J: See http://www.slf4j.org/codes.html#StaticLoggerBinder for further details.
2024-07-26 12:25:00,155 [INFO] Activator:177 - 


2024-07-26 12:25:00,156 [INFO] Activator:178 - !SESSION log4j initialized
2024-07-26 12:25:25,144 [ERROR] LogOutputStream:74 - [STDERR_REDIRECT] SLF4J: Failed to load class "org.slf4j.impl.StaticLoggerBinder".
2024-07-26 12:25:25,145 [ERROR] LogOutputStream:74 - [STDERR_REDIRECT] SLF4J: Defaulting to no-operation (NOP) logger implementation
2024-07-26 12:25:25,145 [ERROR] LogOutputStream:74 - [STDERR_REDIRECT] SLF4J: See http://www.slf4j.org/codes.html#StaticLoggerBinder for further details.
2024-07-26 15:44:38,533 [INFO] Activator:177 - 


2024-07-26 15:44:38,534 [INFO] Activator:178 - !SESSION log4j initialized
2024-07-26 15:45:05,918 [ERROR] LogOutputStream:74 - [STDERR_REDIRECT] SLF4J: Failed to load class "org.slf4j.impl.StaticLoggerBinder".
2024-07-26 15:45:05,919 [ERROR] LogOutputStream:74 - [STDERR_REDIRECT] SLF4J: Defaulting to no-operation (NOP) logger implementation
2024-07-26 15:45:05,919 [ERROR] LogOutputStream:74 - [STDERR_REDIRECT] SLF4J: See http://www.slf4j.org/codes.html#StaticLoggerBinder for further details.
2024-07-28 19:11:53,685 [INFO] Activator:177 - 


2024-07-28 19:11:53,687 [INFO] Activator:178 - !SESSION log4j initialized
2024-07-28 19:12:20,453 [ERROR] LogOutputStream:74 - [STDERR_REDIRECT] SLF4J: Failed to load class "org.slf4j.impl.StaticLoggerBinder".
2024-07-28 19:12:20,456 [ERROR] LogOutputStream:74 - [STDERR_REDIRECT] SLF4J: Defaulting to no-operation (NOP) logger implementation
2024-07-28 19:12:20,457 [ERROR] LogOutputStream:74 - [STDERR_REDIRECT] SLF4J: See http://www.slf4j.org/codes.html#StaticLoggerBinder for further details.
2024-07-28 23:30:36,630 [INFO] Activator:177 - 


2024-07-28 23:30:36,632 [INFO] Activator:178 - !SESSION log4j initialized
2024-07-28 23:31:03,663 [ERROR] LogOutputStream:74 - [STDERR_REDIRECT] SLF4J: Failed to load class "org.slf4j.impl.StaticLoggerBinder".
2024-07-28 23:31:03,664 [ERROR] LogOutputStream:74 - [STDERR_REDIRECT] SLF4J: Defaulting to no-operation (NOP) logger implementation
2024-07-28 23:31:03,664 [ERROR] LogOutputStream:74 - [STDERR_REDIRECT] SLF4J: See http://www.slf4j.org/codes.html#StaticLoggerBinder for further details.
2024-07-31 10:33:13,038 [INFO] Activator:177 - 


2024-07-31 10:33:13,040 [INFO] Activator:178 - !SESSION log4j initialized
2024-07-31 10:33:38,115 [ERROR] LogOutputStream:74 - [STDERR_REDIRECT] SLF4J: Failed to load class "org.slf4j.impl.StaticLoggerBinder".
2024-07-31 10:33:38,116 [ERROR] LogOutputStream:74 - [STDERR_REDIRECT] SLF4J: Defaulting to no-operation (NOP) logger implementation
2024-07-31 10:33:38,116 [ERROR] LogOutputStream:74 - [STDERR_REDIRECT] SLF4J: See http://www.slf4j.org/codes.html#StaticLoggerBinder for further details.
2024-07-31 14:01:59,873 [INFO] Activator:177 - 


2024-07-31 14:01:59,875 [INFO] Activator:178 - !SESSION log4j initialized
2024-07-31 14:02:29,251 [ERROR] LogOutputStream:74 - [STDERR_REDIRECT] SLF4J: Failed to load class "org.slf4j.impl.StaticLoggerBinder".
2024-07-31 14:02:29,253 [ERROR] LogOutputStream:74 - [STDERR_REDIRECT] SLF4J: Defaulting to no-operation (NOP) logger implementation
2024-07-31 14:02:29,254 [ERROR] LogOutputStream:74 - [STDERR_REDIRECT] SLF4J: See http://www.slf4j.org/codes.html#StaticLoggerBinder for further details.
2024-08-02 05:00:41,795 [INFO] Activator:177 - 


2024-08-02 05:00:41,797 [INFO] Activator:178 - !SESSION log4j initialized
2024-08-02 05:01:07,343 [ERROR] LogOutputStream:74 - [STDERR_REDIRECT] SLF4J: Failed to load class "org.slf4j.impl.StaticLoggerBinder".
2024-08-02 05:01:07,344 [ERROR] LogOutputStream:74 - [STDERR_REDIRECT] SLF4J: Defaulting to no-operation (NOP) logger implementation
2024-08-02 05:01:07,344 [ERROR] LogOutputStream:74 - [STDERR_REDIRECT] SLF4J: See http://www.slf4j.org/codes.html#StaticLoggerBinder for further details.
2024-08-08 08:59:07,577 [INFO] Activator:177 - 


2024-08-08 08:59:07,579 [INFO] Activator:178 - !SESSION log4j initialized
2024-08-08 08:59:34,006 [ERROR] LogOutputStream:74 - [STDERR_REDIRECT] SLF4J: Failed to load class "org.slf4j.impl.StaticLoggerBinder".
2024-08-08 08:59:34,007 [ERROR] LogOutputStream:74 - [STDERR_REDIRECT] SLF4J: Defaulting to no-operation (NOP) logger implementation
2024-08-08 08:59:34,008 [ERROR] LogOutputStream:74 - [STDERR_REDIRECT] SLF4J: See http://www.slf4j.org/codes.html#StaticLoggerBinder for further details.
2024-08-08 23:57:08,379 [INFO] Activator:177 - 


2024-08-08 23:57:08,381 [INFO] Activator:178 - !SESSION log4j initialized
2024-08-08 23:57:34,666 [ERROR] LogOutputStream:74 - [STDERR_REDIRECT] SLF4J: Failed to load class "org.slf4j.impl.StaticLoggerBinder".
2024-08-08 23:57:34,668 [ERROR] LogOutputStream:74 - [STDERR_REDIRECT] SLF4J: Defaulting to no-operation (NOP) logger implementation
2024-08-08 23:57:34,669 [ERROR] LogOutputStream:74 - [STDERR_REDIRECT] SLF4J: See http://www.slf4j.org/codes.html#StaticLoggerBinder for further details.
2024-08-09 10:07:29,714 [INFO] Activator:177 - 


2024-08-09 10:07:29,716 [INFO] Activator:178 - !SESSION log4j initialized
2024-08-09 10:07:56,485 [ERROR] LogOutputStream:74 - [STDERR_REDIRECT] SLF4J: Failed to load class "org.slf4j.impl.StaticLoggerBinder".
2024-08-09 10:07:56,487 [ERROR] LogOutputStream:74 - [STDERR_REDIRECT] SLF4J: Defaulting to no-operation (NOP) logger implementation
2024-08-09 10:07:56,487 [ERROR] LogOutputStream:74 - [STDERR_REDIRECT] SLF4J: See http://www.slf4j.org/codes.html#StaticLoggerBinder for further details.
2024-08-13 10:14:21,941 [INFO] Activator:177 - 


2024-08-13 10:14:21,942 [INFO] Activator:178 - !SESSION log4j initialized
2024-08-13 10:14:49,129 [ERROR] LogOutputStream:74 - [STDERR_REDIRECT] SLF4J: Failed to load class "org.slf4j.impl.StaticLoggerBinder".
2024-08-13 10:14:49,130 [ERROR] LogOutputStream:74 - [STDERR_REDIRECT] SLF4J: Defaulting to no-operation (NOP) logger implementation
2024-08-13 10:14:49,130 [ERROR] LogOutputStream:74 - [STDERR_REDIRECT] SLF4J: See http://www.slf4j.org/codes.html#StaticLoggerBinder for further details.
2024-08-14 10:08:57,871 [INFO] Activator:177 - 


2024-08-14 10:08:57,872 [INFO] Activator:178 - !SESSION log4j initialized
2024-08-14 10:09:22,661 [ERROR] LogOutputStream:74 - [STDERR_REDIRECT] SLF4J: Failed to load class "org.slf4j.impl.StaticLoggerBinder".
2024-08-14 10:09:22,662 [ERROR] LogOutputStream:74 - [STDERR_REDIRECT] SLF4J: Defaulting to no-operation (NOP) logger implementation
2024-08-14 10:09:22,662 [ERROR] LogOutputStream:74 - [STDERR_REDIRECT] SLF4J: See http://www.slf4j.org/codes.html#StaticLoggerBinder for further details.
2024-08-14 12:45:54,193 [INFO] Activator:177 - 


2024-08-14 12:45:54,209 [INFO] Activator:178 - !SESSION log4j initialized
2024-08-14 12:46:19,667 [ERROR] LogOutputStream:74 - [STDERR_REDIRECT] SLF4J: Failed to load class "org.slf4j.impl.StaticLoggerBinder".
2024-08-14 12:46:19,668 [ERROR] LogOutputStream:74 - [STDERR_REDIRECT] SLF4J: Defaulting to no-operation (NOP) logger implementation
2024-08-14 12:46:19,669 [ERROR] LogOutputStream:74 - [STDERR_REDIRECT] SLF4J: See http://www.slf4j.org/codes.html#StaticLoggerBinder for further details.
2024-08-15 17:57:11,903 [INFO] Activator:177 - 


2024-08-15 17:57:11,904 [INFO] Activator:178 - !SESSION log4j initialized
2024-08-15 17:57:37,141 [ERROR] LogOutputStream:74 - [STDERR_REDIRECT] SLF4J: Failed to load class "org.slf4j.impl.StaticLoggerBinder".
2024-08-15 17:57:37,143 [ERROR] LogOutputStream:74 - [STDERR_REDIRECT] SLF4J: Defaulting to no-operation (NOP) logger implementation
2024-08-15 17:57:37,144 [ERROR] LogOutputStream:74 - [STDERR_REDIRECT] SLF4J: See http://www.slf4j.org/codes.html#StaticLoggerBinder for further details.
2024-08-15 21:41:42,421 [INFO] Activator:177 - 


2024-08-15 21:41:42,422 [INFO] Activator:178 - !SESSION log4j initialized
2024-08-15 21:42:06,930 [ERROR] LogOutputStream:74 - [STDERR_REDIRECT] SLF4J: Failed to load class "org.slf4j.impl.StaticLoggerBinder".
2024-08-15 21:42:06,931 [ERROR] LogOutputStream:74 - [STDERR_REDIRECT] SLF4J: Defaulting to no-operation (NOP) logger implementation
2024-08-15 21:42:06,932 [ERROR] LogOutputStream:74 - [STDERR_REDIRECT] SLF4J: See http://www.slf4j.org/codes.html#StaticLoggerBinder for further details.
2024-08-16 10:02:33,204 [INFO] Activator:177 - 


2024-08-16 10:02:33,205 [INFO] Activator:178 - !SESSION log4j initialized
2024-08-16 10:02:57,954 [ERROR] LogOutputStream:74 - [STDERR_REDIRECT] SLF4J: Failed to load class "org.slf4j.impl.StaticLoggerBinder".
2024-08-16 10:02:57,956 [ERROR] LogOutputStream:74 - [STDERR_REDIRECT] SLF4J: Defaulting to no-operation (NOP) logger implementation
2024-08-16 10:02:57,956 [ERROR] LogOutputStream:74 - [STDERR_REDIRECT] SLF4J: See http://www.slf4j.org/codes.html#StaticLoggerBinder for further details.
2024-08-18 16:14:13,512 [INFO] Activator:177 - 


2024-08-18 16:14:13,514 [INFO] Activator:178 - !SESSION log4j initialized
2024-08-18 16:14:39,652 [ERROR] LogOutputStream:74 - [STDERR_REDIRECT] SLF4J: Failed to load class "org.slf4j.impl.StaticLoggerBinder".
2024-08-18 16:14:39,654 [ERROR] LogOutputStream:74 - [STDERR_REDIRECT] SLF4J: Defaulting to no-operation (NOP) logger implementation
2024-08-18 16:14:39,654 [ERROR] LogOutputStream:74 - [STDERR_REDIRECT] SLF4J: See http://www.slf4j.org/codes.html#StaticLoggerBinder for further details.
2024-08-18 21:46:49,647 [INFO] Activator:177 - 


2024-08-18 21:46:49,648 [INFO] Activator:178 - !SESSION log4j initialized
2024-08-18 21:47:16,291 [ERROR] LogOutputStream:74 - [STDERR_REDIRECT] SLF4J: Failed to load class "org.slf4j.impl.StaticLoggerBinder".
2024-08-18 21:47:16,292 [ERROR] LogOutputStream:74 - [STDERR_REDIRECT] SLF4J: Defaulting to no-operation (NOP) logger implementation
2024-08-18 21:47:16,292 [ERROR] LogOutputStream:74 - [STDERR_REDIRECT] SLF4J: See http://www.slf4j.org/codes.html#StaticLoggerBinder for further details.
2024-08-19 10:57:52,942 [INFO] Activator:177 - 


2024-08-19 10:57:52,944 [INFO] Activator:178 - !SESSION log4j initialized
2024-08-19 10:58:17,739 [ERROR] LogOutputStream:74 - [STDERR_REDIRECT] SLF4J: Failed to load class "org.slf4j.impl.StaticLoggerBinder".
2024-08-19 10:58:17,740 [ERROR] LogOutputStream:74 - [STDERR_REDIRECT] SLF4J: Defaulting to no-operation (NOP) logger implementation
2024-08-19 10:58:17,740 [ERROR] LogOutputStream:74 - [STDERR_REDIRECT] SLF4J: See http://www.slf4j.org/codes.html#StaticLoggerBinder for further details.
2024-08-19 21:37:18,569 [INFO] Activator:177 - 


2024-08-19 21:37:18,570 [INFO] Activator:178 - !SESSION log4j initialized
2024-08-19 21:37:43,517 [ERROR] LogOutputStream:74 - [STDERR_REDIRECT] SLF4J: Failed to load class "org.slf4j.impl.StaticLoggerBinder".
2024-08-19 21:37:43,518 [ERROR] LogOutputStream:74 - [STDERR_REDIRECT] SLF4J: Defaulting to no-operation (NOP) logger implementation
2024-08-19 21:37:43,518 [ERROR] LogOutputStream:74 - [STDERR_REDIRECT] SLF4J: See http://www.slf4j.org/codes.html#StaticLoggerBinder for further details.
2024-08-20 12:03:14,791 [INFO] Activator:177 - 


2024-08-20 12:03:14,793 [INFO] Activator:178 - !SESSION log4j initialized
2024-08-20 12:03:40,963 [ERROR] LogOutputStream:74 - [STDERR_REDIRECT] SLF4J: Failed to load class "org.slf4j.impl.StaticLoggerBinder".
2024-08-20 12:03:40,966 [ERROR] LogOutputStream:74 - [STDERR_REDIRECT] SLF4J: Defaulting to no-operation (NOP) logger implementation
2024-08-20 12:03:40,967 [ERROR] LogOutputStream:74 - [STDERR_REDIRECT] SLF4J: See http://www.slf4j.org/codes.html#StaticLoggerBinder for further details.
2024-08-20 16:41:01,895 [INFO] McuFinderGlobals:44 - Set McuFinder mode to 2 (CubeIDE integrated)
2024-08-20 16:41:02,064 [INFO] ApplicationProperties:181 - Using Application install path: /home/juan/st/stm32cubeide_1.10.1/plugins/com.st.stm32cube.common.mx_6.6.1.202207061420
2024-08-20 16:41:02,088 [INFO] DbMcusXml:77 - Set database path to: /home/juan/st/stm32cubeide_1.10.1/plugins/com.st.stm32cube.common.mx_6.6.1.202207061420//db//mcu/
2024-08-20 16:41:02,088 [INFO] ApiDb:269 - Set plugin database path to: /home/juan/st/stm32cubeide_1.10.1/plugins/com.st.stm32cube.common.mx_6.6.1.202207061420//db//plugins/boardmanager/
2024-08-20 16:41:02,092 [WARN] ApiDb:254 - Overriding images path with different value:  => /home/juan/st/stm32cubeide_1.10.1/plugins/com.st.stm32cube.common.mx_6.6.1.202207061420//db//plugins/mcufinder/images/
2024-08-20 16:41:02,117 [INFO] ApiDb:249 - Set database path to: /home/juan/.stmcufinder/plugins/mcufinder//mcu/
2024-08-20 16:41:02,120 [INFO] DbMcusAds:124 - Set database path to: /home/juan/.stmcufinder/plugins/mcufinder//mcu/
2024-08-20 16:41:02,177 [INFO] CrossReferenceDbSqlite:201 - Set database path to: /home/juan/.stmcufinder/plugins/mcufinder//mcu/cs/
2024-08-20 16:41:02,320 [INFO] RulesReader:61 - Compatibility file has been processed (282 Rules)
2024-08-20 16:41:02,402 [INFO] DbMcusXml:77 - Set database path to: /home/juan/st/stm32cubeide_1.10.1/plugins/com.st.stm32cube.common.mx_6.6.1.202207061420//db//mcu/
2024-08-20 16:41:02,402 [INFO] ApiDb:269 - Set plugin database path to: /home/juan/st/stm32cubeide_1.10.1/plugins/com.st.stm32cube.common.mx_6.6.1.202207061420//db//plugins/boardmanager/
2024-08-20 16:41:02,403 [INFO] ApiDb:256 - Set plugin images path to: /home/juan/st/stm32cubeide_1.10.1/plugins/com.st.stm32cube.common.mx_6.6.1.202207061420//db//plugins/mcufinder/images/
2024-08-20 16:41:02,403 [WARN] DbFile:40 - Overriding database path with different value: /home/juan/.stmcufinder/plugins/mcufinder/ => /home/juan/.stmcufinder/plugins/mcufinder
2024-08-20 16:41:02,403 [INFO] ApiDb:249 - Set database path to: /home/juan/.stmcufinder/plugins/mcufinder//mcu/
2024-08-20 16:41:02,403 [WARN] DbFile:40 - Overriding database path with different value: /home/juan/.stmcufinder/plugins/mcufinder/ => /home/juan/.stmcufinder/plugins/mcufinder
2024-08-20 16:41:02,403 [INFO] DbMcusAds:124 - Set database path to: /home/juan/.stmcufinder/plugins/mcufinder//mcu/
2024-08-20 16:41:02,404 [WARN] DbFile:40 - Overriding database path with different value: /home/juan/.stmcufinder/plugins/mcufinder/ => /home/juan/.stmcufinder/plugins/mcufinder
2024-08-20 16:41:02,404 [WARN] DbFile:40 - Overriding database path with different value: /home/juan/.stmcufinder/plugins/mcufinder/ => /home/juan/.stmcufinder/plugins/mcufinder
2024-08-20 16:41:02,404 [INFO] CrossReferenceDbSqlite:201 - Set database path to: /home/juan/.stmcufinder/plugins/mcufinder//mcu/cs/
2024-08-20 16:41:02,511 [INFO] MainPanel:242 - HeapMemory: 601882624
2024-08-20 16:41:02,671 [INFO] DbMcusXml:77 - Set database path to: /home/juan/st/stm32cubeide_1.10.1/plugins/com.st.stm32cube.common.mx_6.6.1.202207061420//db//mcu/
2024-08-20 16:41:02,672 [INFO] ApiDb:269 - Set plugin database path to: /home/juan/st/stm32cubeide_1.10.1/plugins/com.st.stm32cube.common.mx_6.6.1.202207061420//db//plugins/boardmanager/
2024-08-20 16:41:02,672 [INFO] ApiDb:256 - Set plugin images path to: /home/juan/st/stm32cubeide_1.10.1/plugins/com.st.stm32cube.common.mx_6.6.1.202207061420//db//plugins/mcufinder/images/
2024-08-20 16:41:02,673 [WARN] DbFile:40 - Overriding database path with different value: /home/juan/.stmcufinder/plugins/mcufinder/ => /home/juan/.stmcufinder/plugins/mcufinder
2024-08-20 16:41:02,673 [INFO] ApiDb:249 - Set database path to: /home/juan/.stmcufinder/plugins/mcufinder//mcu/
2024-08-20 16:41:02,673 [WARN] DbFile:40 - Overriding database path with different value: /home/juan/.stmcufinder/plugins/mcufinder/ => /home/juan/.stmcufinder/plugins/mcufinder
2024-08-20 16:41:02,674 [INFO] DbMcusAds:124 - Set database path to: /home/juan/.stmcufinder/plugins/mcufinder//mcu/
2024-08-20 16:41:02,674 [WARN] DbFile:40 - Overriding database path with different value: /home/juan/.stmcufinder/plugins/mcufinder/ => /home/juan/.stmcufinder/plugins/mcufinder
2024-08-20 16:41:02,674 [WARN] DbFile:40 - Overriding database path with different value: /home/juan/.stmcufinder/plugins/mcufinder/ => /home/juan/.stmcufinder/plugins/mcufinder
2024-08-20 16:41:02,674 [INFO] CrossReferenceDbSqlite:201 - Set database path to: /home/juan/.stmcufinder/plugins/mcufinder//mcu/cs/
2024-08-20 16:41:02,696 [INFO] ApplicationProperties:181 - Using Application install path: /home/juan/st/stm32cubeide_1.10.1/plugins/com.st.stm32cube.common.mx_6.6.1.202207061420
2024-08-20 16:41:02,701 [INFO] PluginManage:193 - Search for loadable plugins [exclusion list=, ]
2024-08-20 16:41:02,703 [INFO] PluginManage:307 - Check plugin analytics
2024-08-20 16:41:02,891 [INFO] AnalyticsPlugin:262 - Accepted Software Licenses: 
2024-08-20 16:41:02,891 [INFO] AnalyticsPlugin:264 - Accepted CMSIS Pack Licenses: 
2024-08-20 16:41:02,892 [INFO] AnalyticsPlugin:266 - Accepted Firmware Licenses: 
2024-08-20 16:41:02,898 [INFO] PluginManage:356 - Loaded plugin analytics (category:tool,tabindex:-1)
2024-08-20 16:41:02,899 [INFO] PluginManage:307 - Check plugin cadmodel
2024-08-20 16:41:02,906 [INFO] CADModel:65 - Init CAD model plugin
2024-08-20 16:41:02,906 [INFO] PluginManage:356 - Loaded plugin cadmodel (category:power,tabindex:5)
2024-08-20 16:41:02,907 [INFO] PluginManage:307 - Check plugin clock
2024-08-20 16:41:02,918 [INFO] PluginManage:356 - Loaded plugin clock (category:base,tabindex:2)
2024-08-20 16:41:02,918 [INFO] PluginManage:307 - Check plugin ddr
2024-08-20 16:41:02,921 [INFO] PluginManage:356 - Loaded plugin ddr (category:tool,tabindex:6)
2024-08-20 16:41:02,921 [INFO] PluginManage:307 - Check plugin filemanager
2024-08-20 16:41:03,068 [INFO] PluginManage:356 - Loaded plugin filemanager (category:base,tabindex:10)
2024-08-20 16:41:03,068 [INFO] PluginManage:307 - Check plugin ipmanager
2024-08-20 16:41:03,077 [INFO] PluginManage:356 - Loaded plugin ipmanager (category:base,tabindex:5)
2024-08-20 16:41:03,077 [INFO] PluginManage:307 - Check plugin lpbam
2024-08-20 16:41:03,086 [INFO] PluginManage:356 - Loaded plugin lpbam (category:base,tabindex:0)
2024-08-20 16:41:03,086 [INFO] PluginManage:307 - Check plugin pinoutandconfiguration
2024-08-20 16:41:03,094 [INFO] PluginManage:356 - Loaded plugin pinoutandconfiguration (category:base,tabindex:1)
2024-08-20 16:41:03,094 [INFO] PluginManage:307 - Check plugin pinoutconfig
2024-08-20 16:41:03,128 [INFO] PluginManage:356 - Loaded plugin pinoutconfig (category:base,tabindex:0)
2024-08-20 16:41:03,129 [INFO] PluginManage:307 - Check plugin power
2024-08-20 16:41:03,139 [INFO] PluginManage:356 - Loaded plugin power (category:power,tabindex:4)
2024-08-20 16:41:03,139 [INFO] PluginManage:307 - Check plugin projectmanager
2024-08-20 16:41:03,156 [INFO] PluginManage:356 - Loaded plugin projectmanager (category:projectmanager,tabindex:3)
2024-08-20 16:41:03,156 [INFO] PluginManage:307 - Check plugin thirdparty
2024-08-20 16:41:03,315 [WARN] IntegrityCheckThread:82 - waiting for thirdparty lock release [integrity check]
2024-08-20 16:41:03,315 [INFO] PluginManage:356 - Loaded plugin thirdparty (category:base,tabindex:-1)
2024-08-20 16:41:03,315 [INFO] IntegrityCheckThread:84 - entering critical section [integrity check]
2024-08-20 16:41:03,316 [INFO] PluginManage:307 - Check plugin tools
2024-08-20 16:41:03,318 [INFO] ThirdPartyUpdaterWithRetryManager:70 - Updater plugin not ready yet. [1/15]
2024-08-20 16:41:03,319 [INFO] PluginManage:356 - Loaded plugin tools (category:base,tabindex:7)
2024-08-20 16:41:03,319 [INFO] PluginManage:307 - Check plugin tutovideos
2024-08-20 16:41:03,565 [INFO] PluginManage:356 - Loaded plugin tutovideos (category:base,tabindex:-1)
2024-08-20 16:41:03,565 [INFO] PluginManage:307 - Check plugin updater
2024-08-20 16:41:03,589 [INFO] PluginManage:356 - Loaded plugin updater (category:base,tabindex:12)
2024-08-20 16:41:03,590 [INFO] PluginManage:280 - PluginManage : Loaded plugins [15]
2024-08-20 16:41:03,917 [INFO] PinOutPanel:1468 - setPackage(No Configuration,No Configuration)
2024-08-20 16:41:03,982 [INFO] CADModel:98 - CPN selected for project level
2024-08-20 16:41:03,997 [INFO] IPUIPlugin:79 - create IPUIPlugin
2024-08-20 16:41:03,998 [INFO] PluginManager:217 - loadIPPluginJar : add usart
2024-08-20 16:41:03,999 [INFO] IPUIPlugin:79 - create IPUIPlugin
2024-08-20 16:41:03,999 [INFO] PluginManager:217 - loadIPPluginJar : add comp
2024-08-20 16:41:04,003 [INFO] IPUIPlugin:79 - create IPUIPlugin
2024-08-20 16:41:04,004 [INFO] PluginManager:217 - loadIPPluginJar : add nvic
2024-08-20 16:41:04,007 [INFO] IPUIPlugin:79 - create IPUIPlugin
2024-08-20 16:41:04,008 [INFO] PluginManager:217 - loadIPPluginJar : add touchsensing
2024-08-20 16:41:04,013 [INFO] IPUIPlugin:79 - create IPUIPlugin
2024-08-20 16:41:04,014 [INFO] PluginManager:217 - loadIPPluginJar : add gpio
2024-08-20 16:41:04,017 [INFO] IPUIPlugin:79 - create IPUIPlugin
2024-08-20 16:41:04,017 [INFO] PluginManager:217 - loadIPPluginJar : add openamp
2024-08-20 16:41:04,020 [INFO] IPUIPlugin:79 - create IPUIPlugin
2024-08-20 16:41:04,020 [INFO] PluginManager:217 - loadIPPluginJar : add ts
2024-08-20 16:41:04,022 [INFO] IPUIPlugin:79 - create IPUIPlugin
2024-08-20 16:41:04,022 [INFO] PluginManager:217 - loadIPPluginJar : add tim
2024-08-20 16:41:04,030 [INFO] IPUIPlugin:79 - create IPUIPlugin
2024-08-20 16:41:04,030 [INFO] PluginManager:217 - loadIPPluginJar : add fmc
2024-08-20 16:41:04,034 [INFO] IPUIPlugin:79 - create IPUIPlugin
2024-08-20 16:41:04,034 [INFO] PluginManager:217 - loadIPPluginJar : add cryp
2024-08-20 16:41:04,036 [INFO] IPUIPlugin:79 - create IPUIPlugin
2024-08-20 16:41:04,037 [INFO] PluginManager:217 - loadIPPluginJar : add spi
2024-08-20 16:41:04,041 [INFO] IPUIPlugin:79 - create IPUIPlugin
2024-08-20 16:41:04,041 [INFO] PluginManager:217 - loadIPPluginJar : add sai
2024-08-20 16:41:04,043 [INFO] IPUIPlugin:79 - create IPUIPlugin
2024-08-20 16:41:04,044 [INFO] PluginManager:217 - loadIPPluginJar : add i2s
2024-08-20 16:41:04,045 [INFO] IPUIPlugin:79 - create IPUIPlugin
2024-08-20 16:41:04,045 [INFO] PluginManager:217 - loadIPPluginJar : add fatfs
2024-08-20 16:41:04,048 [INFO] IPUIPlugin:79 - create IPUIPlugin
2024-08-20 16:41:04,048 [INFO] PluginManager:217 - loadIPPluginJar : add opamp
2024-08-20 16:41:04,051 [INFO] IPUIPlugin:79 - create IPUIPlugin
2024-08-20 16:41:04,051 [INFO] PluginManager:217 - loadIPPluginJar : add dfsdm
2024-08-20 16:41:04,052 [INFO] IPUIPlugin:79 - create IPUIPlugin
2024-08-20 16:41:04,053 [INFO] PluginManager:217 - loadIPPluginJar : add ltdc
2024-08-20 16:41:04,061 [INFO] IPUIPlugin:79 - create IPUIPlugin
2024-08-20 16:41:04,061 [INFO] PluginManager:217 - loadIPPluginJar : add linkedlist
2024-08-20 16:41:04,068 [INFO] IPUIPlugin:79 - create IPUIPlugin
2024-08-20 16:41:04,068 [INFO] PluginManager:217 - loadIPPluginJar : add gic
2024-08-20 16:41:04,070 [INFO] IPUIPlugin:79 - create IPUIPlugin
2024-08-20 16:41:04,070 [INFO] PluginManager:217 - loadIPPluginJar : add tsc
2024-08-20 16:41:04,078 [INFO] IPUIPlugin:79 - create IPUIPlugin
2024-08-20 16:41:04,082 [INFO] PluginManager:217 - loadIPPluginJar : add plateformsettings
2024-08-20 16:41:04,085 [INFO] IPUIPlugin:79 - create IPUIPlugin
2024-08-20 16:41:04,085 [INFO] PluginManager:217 - loadIPPluginJar : add pdm2pcm
2024-08-20 16:41:04,087 [INFO] IPUIPlugin:79 - create IPUIPlugin
2024-08-20 16:41:04,087 [INFO] PluginManager:217 - loadIPPluginJar : add genericplugin
2024-08-20 16:41:04,090 [INFO] IPUIPlugin:79 - create IPUIPlugin
2024-08-20 16:41:04,090 [INFO] PluginManager:217 - loadIPPluginJar : add hash
2024-08-20 16:41:04,093 [INFO] IPUIPlugin:79 - create IPUIPlugin
2024-08-20 16:41:04,093 [INFO] PluginManager:217 - loadIPPluginJar : add aes
2024-08-20 16:41:04,099 [INFO] IPUIPlugin:79 - create IPUIPlugin
2024-08-20 16:41:04,099 [INFO] PluginManager:217 - loadIPPluginJar : add ipddr
2024-08-20 16:41:04,108 [INFO] IPUIPlugin:79 - create IPUIPlugin
2024-08-20 16:41:04,108 [INFO] PluginManager:217 - loadIPPluginJar : add adc
2024-08-20 16:41:04,113 [INFO] IPUIPlugin:79 - create IPUIPlugin
2024-08-20 16:41:04,113 [INFO] PluginManager:217 - loadIPPluginJar : add resmgrutility
2024-08-20 16:41:04,116 [INFO] IPUIPlugin:79 - create IPUIPlugin
2024-08-20 16:41:04,116 [INFO] PluginManager:217 - loadIPPluginJar : add usbx
2024-08-20 16:41:04,118 [INFO] IPUIPlugin:79 - create IPUIPlugin
2024-08-20 16:41:04,119 [INFO] PluginManager:217 - loadIPPluginJar : add ucpd
2024-08-20 16:41:04,123 [INFO] IPUIPlugin:79 - create IPUIPlugin
2024-08-20 16:41:04,123 [INFO] PluginManager:217 - loadIPPluginJar : add stm32_wpan
2024-08-20 16:41:04,129 [INFO] IPUIPlugin:79 - create IPUIPlugin
2024-08-20 16:41:04,130 [INFO] PluginManager:217 - loadIPPluginJar : add freertos
2024-08-20 16:41:04,137 [INFO] IPUIPlugin:79 - create IPUIPlugin
2024-08-20 16:41:04,137 [INFO] PluginManager:217 - loadIPPluginJar : add mdma
2024-08-20 16:41:04,139 [INFO] IPUIPlugin:79 - create IPUIPlugin
2024-08-20 16:41:04,139 [INFO] PluginManager:217 - loadIPPluginJar : add quadspi
2024-08-20 16:41:04,141 [INFO] IPUIPlugin:79 - create IPUIPlugin
2024-08-20 16:41:04,141 [INFO] PluginManager:217 - loadIPPluginJar : add dma3
2024-08-20 16:41:04,148 [INFO] IPUIPlugin:79 - create IPUIPlugin
2024-08-20 16:41:04,148 [INFO] PluginManager:217 - loadIPPluginJar : add dma
2024-08-20 16:41:04,152 [INFO] IPUIPlugin:79 - create IPUIPlugin
2024-08-20 16:41:04,152 [INFO] PluginManager:217 - loadIPPluginJar : add gtzc
2024-08-20 16:41:04,154 [INFO] IPUIPlugin:79 - create IPUIPlugin
2024-08-20 16:41:04,154 [INFO] PluginManager:217 - loadIPPluginJar : add lorawan
2024-08-20 16:41:04,156 [INFO] IPUIPlugin:79 - create IPUIPlugin
2024-08-20 16:41:04,156 [INFO] PluginManager:217 - loadIPPluginJar : add gfxmmu
2024-08-20 16:41:04,158 [INFO] IPUIPlugin:79 - create IPUIPlugin
2024-08-20 16:41:04,158 [INFO] PluginManager:217 - loadIPPluginJar : add tracer_emb
2024-08-20 16:41:04,160 [INFO] IPUIPlugin:79 - create IPUIPlugin
2024-08-20 16:41:04,161 [INFO] PluginManager:217 - loadIPPluginJar : add can
2024-08-20 16:41:04,162 [INFO] IPUIPlugin:79 - create IPUIPlugin
2024-08-20 16:41:04,163 [INFO] PluginManager:217 - loadIPPluginJar : add i2c
2024-08-20 16:41:04,413 [FATAL] Updater:301 - Updater called before beeing initialized
2024-08-20 16:41:04,500 [FATAL] Updater:301 - Updater called before beeing initialized
2024-08-20 16:41:04,507 [INFO] DbMcusAds:52 - JSON generation date=Wed Nov 29 05:52:27 COT 2023 (1701255147349)
2024-08-20 16:41:04,508 [FATAL] Updater:301 - Updater called before beeing initialized
2024-08-20 16:41:04,540 [WARN] DetailPanel:344 - Failed to get advertising image, set to default
2024-08-20 16:41:04,674 [FATAL] Updater:301 - Updater called before beeing initialized
2024-08-20 16:41:04,677 [FATAL] Updater:301 - Updater called before beeing initialized
2024-08-20 16:41:04,677 [FATAL] Updater:301 - Updater called before beeing initialized
2024-08-20 16:41:04,677 [WARN] DetailPanel:344 - Failed to get advertising image, set to default
2024-08-20 16:41:04,678 [FATAL] Updater:301 - Updater called before beeing initialized
2024-08-20 16:41:04,717 [ERROR] Updater:1105 - MainUpdater not yet initialized. External WinMGr cannot be set.
2024-08-20 16:41:04,720 [INFO] Updater:1041 - Updater Version found : 6.6.1
2024-08-20 16:41:04,745 [INFO] ApplicationProperties:181 - Using Application install path: /home/juan/st/stm32cubeide_1.10.1/plugins/com.st.stm32cube.common.mx_6.6.1.202207061420
2024-08-20 16:41:06,319 [INFO] ThirdPartyUpdaterWithRetryManager:70 - Updater plugin not ready yet. [2/15]
2024-08-20 16:41:07,177 [INFO] MainUpdater:2768 - connection check result : 10
2024-08-20 16:41:07,178 [INFO] MainUpdater:3453 - Updater definition file requires update
2024-08-20 16:41:07,179 [INFO] MainUpdater:280 - Updater Check For Update Now.
2024-08-20 16:41:07,181 [INFO] MicroXplorer:481 - Change Database Version : DB.6.0.60
2024-08-20 16:41:07,237 [INFO] ServerAccessManage:474 - Download File updaters.zip
2024-08-20 16:41:07,352 [INFO] FileExtend:239 - Unzip File : updaters.zip
2024-08-20 16:41:07,352 [INFO] FileExtend:254 - Standard Zip Deflate
2024-08-20 16:41:07,648 [INFO] ServerAccessManage:474 - Download File PacksControlFlags.xml
2024-08-20 16:41:07,697 [INFO] ServerAccessManage:474 - Download File cubemx.pidx
2024-08-20 16:41:08,103 [INFO] ServerAccessManage:474 - Download File STMicroelectronics.FP-SNS-STBOX1.pdsc
2024-08-20 16:41:08,226 [INFO] ServerAccessManage:474 - Download File STMicroelectronics.FP-SNS-MOTENV1.pdsc
2024-08-20 16:41:09,322 [WARN] MainUpdater:1184 - Updater busy. Cannot search thirdparties
2024-08-20 16:41:09,323 [INFO] ThirdPartyUpdaterWithRetryManager:96 - Updater plugin is busy. [1/15]
2024-08-20 16:41:10,261 [INFO] ServerAccessManage:474 - Download File STMicroelectronics.FP-SNS-MOTENVWB1.pdsc
2024-08-20 16:41:10,444 [INFO] ServerAccessManage:474 - Download File STMicroelectronics.X-CUBE-AI.pdsc
2024-08-20 16:41:12,324 [WARN] MainUpdater:1184 - Updater busy. Cannot search thirdparties
2024-08-20 16:41:12,324 [INFO] ThirdPartyUpdaterWithRetryManager:96 - Updater plugin is busy. [2/15]
2024-08-20 16:41:13,008 [INFO] ServerAccessManage:474 - Download File STMicroelectronics.X-CUBE-ALS.pdsc
2024-08-20 16:41:13,210 [INFO] ServerAccessManage:474 - Download File STMicroelectronics.X-CUBE-BLEMGR.pdsc
2024-08-20 16:41:13,462 [INFO] ServerAccessManage:474 - Download File STMicroelectronics.X-CUBE-DPOWER.pdsc
2024-08-20 16:41:15,325 [WARN] MainUpdater:1184 - Updater busy. Cannot search thirdparties
2024-08-20 16:41:15,325 [INFO] ThirdPartyUpdaterWithRetryManager:96 - Updater plugin is busy. [3/15]
2024-08-20 16:41:16,224 [ERROR] ServerAccessManage:1090 - Problem, file not found on Server
2024-08-20 16:41:17,501 [ERROR] ServerAccessManage:1090 - Problem, file not found on Server
2024-08-20 16:41:18,326 [WARN] MainUpdater:1184 - Updater busy. Cannot search thirdparties
2024-08-20 16:41:18,326 [INFO] ThirdPartyUpdaterWithRetryManager:96 - Updater plugin is busy. [4/15]
2024-08-20 16:41:20,633 [ERROR] ServerAccessManage:1090 - Problem, file not found on Server
2024-08-20 16:41:21,327 [WARN] MainUpdater:1184 - Updater busy. Cannot search thirdparties
2024-08-20 16:41:21,327 [INFO] ThirdPartyUpdaterWithRetryManager:96 - Updater plugin is busy. [5/15]
2024-08-20 16:41:21,948 [ERROR] ServerAccessManage:1090 - Problem, file not found on Server
2024-08-20 16:41:23,245 [ERROR] ServerAccessManage:1090 - Problem, file not found on Server
2024-08-20 16:41:24,288 [ERROR] ServerAccessManage:1090 - Problem, file not found on Server
2024-08-20 16:41:24,327 [WARN] MainUpdater:1184 - Updater busy. Cannot search thirdparties
2024-08-20 16:41:24,327 [INFO] ThirdPartyUpdaterWithRetryManager:96 - Updater plugin is busy. [6/15]
2024-08-20 16:41:25,472 [ERROR] ServerAccessManage:1090 - Problem, file not found on Server
2024-08-20 16:41:26,799 [ERROR] ServerAccessManage:1090 - Problem, file not found on Server
2024-08-20 16:41:27,217 [INFO] MainUpdater:2768 - connection check result : 10
2024-08-20 16:41:27,328 [WARN] MainUpdater:1184 - Updater busy. Cannot search thirdparties
2024-08-20 16:41:27,328 [INFO] ThirdPartyUpdaterWithRetryManager:96 - Updater plugin is busy. [7/15]
2024-08-20 16:41:29,930 [ERROR] ServerAccessManage:1090 - Problem, file not found on Server
2024-08-20 16:41:30,328 [WARN] MainUpdater:1184 - Updater busy. Cannot search thirdparties
2024-08-20 16:41:30,329 [INFO] ThirdPartyUpdaterWithRetryManager:96 - Updater plugin is busy. [8/15]
2024-08-20 16:41:31,186 [ERROR] ServerAccessManage:1090 - Problem, file not found on Server
2024-08-20 16:41:32,124 [ERROR] ServerAccessManage:1090 - Problem, file not found on Server
2024-08-20 16:41:32,203 [INFO] ServerAccessManage:474 - Download File STMicroelectronics.X-CUBE-FREERTOS.pdsc
2024-08-20 16:41:32,463 [INFO] ServerAccessManage:474 - Download File STMicroelectronics.X-CUBE-MEMS1.pdsc
2024-08-20 16:41:33,329 [WARN] MainUpdater:1184 - Updater busy. Cannot search thirdparties
2024-08-20 16:41:33,330 [INFO] ThirdPartyUpdaterWithRetryManager:96 - Updater plugin is busy. [9/15]
2024-08-20 16:41:33,339 [INFO] ServerAccessManage:474 - Download File STMicroelectronics.X-CUBE-NFC6.pdsc
2024-08-20 16:41:33,486 [INFO] ServerAccessManage:474 - Download File STMicroelectronics.X-CUBE-SAFEA1.pdsc
2024-08-20 16:41:33,592 [INFO] ServerAccessManage:474 - Download File STMicroelectronics.X-CUBE-TCPP.pdsc
2024-08-20 16:41:33,690 [INFO] ServerAccessManage:474 - Download File STMicroelectronics.X-CUBE-TOF1.pdsc
2024-08-20 16:41:36,303 [ERROR] ServerAccessManage:1090 - Problem, file not found on Server
2024-08-20 16:41:36,330 [WARN] MainUpdater:1184 - Updater busy. Cannot search thirdparties
2024-08-20 16:41:36,331 [INFO] ThirdPartyUpdaterWithRetryManager:96 - Updater plugin is busy. [10/15]
2024-08-20 16:41:36,412 [INFO] ServerAccessManage:474 - Download File STMicroelectronics.X-CUBE-TOUCHGFX.pdsc
2024-08-20 16:41:37,274 [INFO] ServerAccessManage:474 - Download File STMicroelectronics.X-CUBE-ALGOBUILD.pdsc
2024-08-20 16:41:37,556 [INFO] ServerAccessManage:474 - Download File STMicroelectronics.X-CUBE-AZRTOS-H7.pdsc
2024-08-20 16:41:37,919 [INFO] ServerAccessManage:474 - Download File STMicroelectronics.X-CUBE-AZRTOS-H7RS.pdsc
2024-08-20 16:41:39,121 [INFO] ServerAccessManage:474 - Download File wolfSSL.I-CUBE-wolfMQTT.pdsc
2024-08-20 16:41:39,331 [WARN] MainUpdater:1184 - Updater busy. Cannot search thirdparties
2024-08-20 16:41:39,332 [INFO] ThirdPartyUpdaterWithRetryManager:96 - Updater plugin is busy. [11/15]
2024-08-20 16:41:40,045 [ERROR] ServerAccessManage:1090 - Problem, file not found on Server
2024-08-20 16:41:40,204 [INFO] ServerAccessManage:474 - Download File wolfSSL.I-CUBE-wolfTPM.pdsc
2024-08-20 16:41:41,224 [INFO] ServerAccessManage:474 - Download File wolfSSL.I-CUBE-wolfSSH.pdsc
2024-08-20 16:41:42,332 [WARN] MainUpdater:1184 - Updater busy. Cannot search thirdparties
2024-08-20 16:41:42,332 [INFO] ThirdPartyUpdaterWithRetryManager:96 - Updater plugin is busy. [12/15]
2024-08-20 16:41:45,332 [WARN] MainUpdater:1184 - Updater busy. Cannot search thirdparties
2024-08-20 16:41:45,333 [INFO] ThirdPartyUpdaterWithRetryManager:96 - Updater plugin is busy. [13/15]
2024-08-20 16:41:47,518 [INFO] McuFinderGlobals:57 - Set McuFinderConnectedMode to true
2024-08-20 16:41:47,538 [INFO] MultiScanPanel:195 - Auto-refresh data requested => check proxy status ongoing
2024-08-20 16:41:47,546 [INFO] FinderPluginLoader:92 - Searching for filters in installed packs
2024-08-20 16:41:47,639 [INFO] ApiDb:576 - Connected to CubeFinder SQLite database (/home/juan/.stmcufinder/plugins/mcufinder/mcu/cube-finder-db.db)
2024-08-20 16:41:47,704 [INFO] ApiDb:663 - CubeFinder database Data Model version=2.1
2024-08-20 16:41:47,704 [INFO] ApiDb:664 - CubeFinder database Configuration version=3.0.39
2024-08-20 16:41:47,705 [INFO] ApiDb:665 - CubeFinder database generation date=2024-01-11 (1704964531)
2024-08-20 16:41:47,705 [INFO] ApiDb:666 - CubeFinder database FW Pack versions=[FP-ATR-ASTRA1_V2.0.0, FP-SNS-FLIGHT1_V5.0.1, FP-SNS-FLIGHT1_V5.0.2, FP-SNS-MOTENV1_V4.3.1, FP-SNS-MOTENV1_V4.3.2, FP-SNS-MOTENVWB1_V1.3.1, FP-SNS-SMARTAG2_V1.2.0, STM32Cube_FW_C0_V1.1.0, STM32Cube_FW_F4_V1.28.0, STM32Cube_FW_F7_V1.17.0, STM32Cube_FW_G0_V1.6.2, STM32Cube_FW_G4_V1.5.2, STM32Cube_FW_H5_V0.5.1, STM32Cube_FW_H5_V1.1.1, STM32Cube_FW_H5_V1.2.0RC2, STM32Cube_FW_H7_V1.11.0, STM32Cube_FW_L0_V1.12.2, STM32Cube_FW_L5_V1.5.0, STM32Cube_FW_U5_V1.3.0RC4, STM32Cube_FW_U5_V1.4.0, STM32Cube_FW_WBA_V1.0.0RC1, STM32Cube_FW_WBA_V1.1.0RC1, STM32Cube_FW_WBA_V1.2.0, STM32Cube_FW_WBA_V1.2.0RC2, STM32Cube_FW_WB_V1.15.0RC1, STM32Cube_FW_WB_V1.16.0, STM32Cube_FW_WB_V1.16.0RC2, STM32Cube_FW_WB_V1.18.0, STM32Cube_FW_WL_V1.3.0, X-CUBE-ALGOBUILD_V1.3.0, X-CUBE-ALS_V1.0.1, X-CUBE-AZRTOS-F4_V1.1.0, X-CUBE-AZRTOS-F7_V1.1.0, X-CUBE-AZRTOS-G0_V1.1.0, X-CUBE-AZRTOS-G4_V2.0.0, X-CUBE-AZRTOS-H7_V3.2.0, X-CUBE-AZRTOS-L4_V1.0.0, X-CUBE-AZRTOS-L4_V2.0.0, X-CUBE-AZRTOS-L5_V1.1.0, X-CUBE-AZRTOS-WB_V2.0.0, X-CUBE-AZRTOS-WL_V2.0.0, X-CUBE-BLE1_V7.0.0, X-CUBE-BLE2_V3.3.0, X-CUBE-BLEMGR_V3.0.0, X-CUBE-EEPRMA1_V4.1.0, X-CUBE-EEPRMA1_V4.2.0, X-CUBE-FREERTOS_V1.1.0, X-CUBE-GNSS1_V6.0.0, X-CUBE-MEMS1_V10.0.0, X-CUBE-MEMS1_V9.1.0, X-CUBE-MEMS1_V9.4.0, X-CUBE-MEMS1_V9.6.0, X-CUBE-NFC4_V3.0.0, X-CUBE-NFC7_V1.0.1, X-CUBE-SFXS2LP1_V4.0.0, X-CUBE-SUBG2_V5.0.0, X-CUBE-TOF1_V3.4.0]
2024-08-20 16:41:48,333 [WARN] MainUpdater:1184 - Updater busy. Cannot search thirdparties
2024-08-20 16:41:48,333 [INFO] ThirdPartyUpdaterWithRetryManager:96 - Updater plugin is busy. [14/15]
2024-08-20 16:41:49,444 [INFO] ApiDb:239 - Found 138 in-development CPN: [B-WB1M-WPAN1, NUCLEO-C031C6, STEVAL-STWINBX1, STM320518-EVAL, STM32C0116-DK, STM32C011D6Y3TR, STM32C011D6Y6TR, STM32C011F4P3, STM32C011F4P6, STM32C011F4U3, STM32C011F4U6TR, STM32C011F6P3, STM32C011F6P6, STM32C011F6U3, STM32C011F6U6TR, STM32C011J4M3, STM32C011J4M6, STM32C011J6M3, STM32C011J6M6, STM32C0316-DK, STM32C031C4T3, STM32C031C4T6, STM32C031C4U3, STM32C031C4U6, STM32C031C6T3, STM32C031C6T6, STM32C031C6U3, STM32C031C6U6, STM32C031F4P3, STM32C031F4P6, STM32C031F6P3, STM32C031F6P6, STM32C031G4U3, STM32C031G4U6, STM32C031G6U3, STM32C031G6U6, STM32C031K4T3, STM32C031K4T6, STM32C031K4U3, STM32C031K4U6, STM32C031K6T3, STM32C031K6T6, STM32C031K6U3, STM32C031K6U6, STM32G071K8TXN, STM32G071K8UXN, STM32G081GBU6N, STM32G081KBT6N, STM32G081KBUXN, STM32G0B1CCT6N, STM32G0B1KCT6, STM32G0B1NEY6TR, STM32G0B1RCT6N, STM32G0C1CCT6, STM32G0C1CCT6N, STM32G0C1CCU6N, STM32G0C1CET6N, STM32G0C1CEU6N, STM32G0C1KCT6, STM32G0C1NEY6TR, STM32G0C1RCI6N, STM32G0C1RCT6N, STM32G0C1REI6N, STM32G0C1RET6N, STM32G0C1VCI6, STM32G0C1VEI6, STM32G471CCT6, STM32G471CCU6, STM32G471CET3, STM32G471CET6, STM32G471CEU3, STM32G471CEU6, STM32G471MCT6, STM32G471MET3, STM32G471MET6, STM32G471MEY6TR, STM32G471QCT6, STM32G471QET3, STM32G471RCT6, STM32G471RET3, STM32G471RET6, STM32G471VCH6, STM32G471VCI6, STM32G471VCT6, STM32G471VEH3, STM32G471VEH6, STM32G471VEI3, STM32G471VEI6, STM32G471VET3, STM32G471VET6, STM32G474CCT6, STM32L476VGY6PTR, STM32L4R5QGI6STR, STM32MP131AAE3, STM32MP131AAF3, STM32MP131AAG3, STM32MP131CAE3, STM32MP131CAF3, STM32MP131CAG3, STM32MP131DAE7, STM32MP131DAF7, STM32MP131DAG7, STM32MP131FAE7, STM32MP131FAF7, STM32MP131FAG7, STM32MP133AAE3, STM32MP133AAF3, STM32MP133AAG3, STM32MP133CAE3, STM32MP133CAF3, STM32MP133CAG3, STM32MP133DAE7, STM32MP133DAF7, STM32MP133DAG7, STM32MP133FAE7, STM32MP133FAF7, STM32MP133FAG7, STM32MP135AAE3, STM32MP135AAF3, STM32MP135AAG3, STM32MP135CAE3, STM32MP135CAF3, STM32MP135CAG3, STM32MP135DAE7, STM32MP135DAF7, STM32MP135DAG7, STM32MP135F-DK, STM32MP135FAE7, STM32MP135FAF7, STM32MP135FAG7, STM32U595ZJT6Q, STM32U599BJY6QTR, STM32U599NIH6Q, STM32U599NJH6Q, STM32U5A5ZJT6Q, STM32U5A9BJY6QTR, STM32U5A9NJH6Q, STM32WB1MMCH6]
2024-08-20 16:41:49,448 [INFO] DbMcus:215 - Found 3852 MCUs, 3852 are supported
2024-08-20 16:41:49,451 [INFO] ApiDb:418 - Load user favorites file /home/juan/.stm32cubeide/favorites.mcus.txt: 0 item(s)
2024-08-20 16:41:49,451 [INFO] ApiDb:422 - User favorites MCUs=[]
2024-08-20 16:41:49,451 [INFO] DbMcus:221 - Set 0 / 0 favorites MCUs
2024-08-20 16:41:50,768 [ERROR] WebUtils:385 - Updater is busy
2024-08-20 16:41:50,769 [WARN] DetailPanel:344 - Failed to get advertising image, set to default
2024-08-20 16:41:51,333 [WARN] MainUpdater:1184 - Updater busy. Cannot search thirdparties
2024-08-20 16:41:51,334 [INFO] ThirdPartyUpdaterWithRetryManager:96 - Updater plugin is busy. [15/15]
2024-08-20 16:41:51,335 [ERROR] IntegrityCheckThread:128 - Cannot retrieve database content from updater: error -1
2024-08-20 16:41:51,335 [INFO] ThirdParty:929 - Integrity check success = false
2024-08-20 16:41:51,335 [INFO] IntegrityCheckThread:98 - exiting critical section [integrity check]
2024-08-20 16:41:51,335 [INFO] IntegrityCheckThread:101 - End integrity checks thread
2024-08-20 16:41:51,351 [INFO] MultiScanPanel:778 - Auto Refresh Data is needed due to updater interval setting
2024-08-20 16:41:51,352 [ERROR] WebUtils:644 - Updater is busy
2024-08-20 16:41:51,987 [ERROR] ServerAccessManage:1147 - Warning during Server Connexion :  Unknown host download.rt-thread.org
2024-08-20 16:41:51,987 [ERROR] ServerAccessManage:652 - Unknown host server name. : RealThread.X-CUBE-RT-Thread_Nano.pdsc.
2024-08-20 16:41:52,772 [INFO] DbMcusAds:52 - JSON generation date=Wed Nov 29 05:52:27 COT 2023 (1701255147349)
2024-08-20 16:41:52,773 [INFO] ApiDb:443 - Save user favorites file /home/juan/.stm32cubeide/favorites.mcus.txt: 0 item(s)
2024-08-20 16:41:52,774 [INFO] ApiDb:447 - User favorites MCUs=[]
2024-08-20 16:41:52,775 [INFO] ApiDb:576 - Connected to CubeFinder SQLite database (/home/juan/.stmcufinder/plugins/mcufinder/mcu/cube-finder-db.db)
2024-08-20 16:41:52,822 [INFO] ApiDb:663 - CubeFinder database Data Model version=2.1
2024-08-20 16:41:52,822 [INFO] ApiDb:664 - CubeFinder database Configuration version=3.0.39
2024-08-20 16:41:52,823 [INFO] ApiDb:665 - CubeFinder database generation date=2024-01-11 (1704964531)
2024-08-20 16:41:52,823 [INFO] ApiDb:666 - CubeFinder database FW Pack versions=[FP-ATR-ASTRA1_V2.0.0, FP-SNS-FLIGHT1_V5.0.1, FP-SNS-FLIGHT1_V5.0.2, FP-SNS-MOTENV1_V4.3.1, FP-SNS-MOTENV1_V4.3.2, FP-SNS-MOTENVWB1_V1.3.1, FP-SNS-SMARTAG2_V1.2.0, STM32Cube_FW_C0_V1.1.0, STM32Cube_FW_F4_V1.28.0, STM32Cube_FW_F7_V1.17.0, STM32Cube_FW_G0_V1.6.2, STM32Cube_FW_G4_V1.5.2, STM32Cube_FW_H5_V0.5.1, STM32Cube_FW_H5_V1.1.1, STM32Cube_FW_H5_V1.2.0RC2, STM32Cube_FW_H7_V1.11.0, STM32Cube_FW_L0_V1.12.2, STM32Cube_FW_L5_V1.5.0, STM32Cube_FW_U5_V1.3.0RC4, STM32Cube_FW_U5_V1.4.0, STM32Cube_FW_WBA_V1.0.0RC1, STM32Cube_FW_WBA_V1.1.0RC1, STM32Cube_FW_WBA_V1.2.0, STM32Cube_FW_WBA_V1.2.0RC2, STM32Cube_FW_WB_V1.15.0RC1, STM32Cube_FW_WB_V1.16.0, STM32Cube_FW_WB_V1.16.0RC2, STM32Cube_FW_WB_V1.18.0, STM32Cube_FW_WL_V1.3.0, X-CUBE-ALGOBUILD_V1.3.0, X-CUBE-ALS_V1.0.1, X-CUBE-AZRTOS-F4_V1.1.0, X-CUBE-AZRTOS-F7_V1.1.0, X-CUBE-AZRTOS-G0_V1.1.0, X-CUBE-AZRTOS-G4_V2.0.0, X-CUBE-AZRTOS-H7_V3.2.0, X-CUBE-AZRTOS-L4_V1.0.0, X-CUBE-AZRTOS-L4_V2.0.0, X-CUBE-AZRTOS-L5_V1.1.0, X-CUBE-AZRTOS-WB_V2.0.0, X-CUBE-AZRTOS-WL_V2.0.0, X-CUBE-BLE1_V7.0.0, X-CUBE-BLE2_V3.3.0, X-CUBE-BLEMGR_V3.0.0, X-CUBE-EEPRMA1_V4.1.0, X-CUBE-EEPRMA1_V4.2.0, X-CUBE-FREERTOS_V1.1.0, X-CUBE-GNSS1_V6.0.0, X-CUBE-MEMS1_V10.0.0, X-CUBE-MEMS1_V9.1.0, X-CUBE-MEMS1_V9.4.0, X-CUBE-MEMS1_V9.6.0, X-CUBE-NFC4_V3.0.0, X-CUBE-NFC7_V1.0.1, X-CUBE-SFXS2LP1_V4.0.0, X-CUBE-SUBG2_V5.0.0, X-CUBE-TOF1_V3.4.0]
2024-08-20 16:41:52,826 [INFO] ServerAccessManage:474 - Download File Cesanta.I-CUBE-Mongoose.pdsc
2024-08-20 16:41:54,610 [INFO] ApiDb:239 - Found 138 in-development CPN: [B-WB1M-WPAN1, NUCLEO-C031C6, STEVAL-STWINBX1, STM320518-EVAL, STM32C0116-DK, STM32C011D6Y3TR, STM32C011D6Y6TR, STM32C011F4P3, STM32C011F4P6, STM32C011F4U3, STM32C011F4U6TR, STM32C011F6P3, STM32C011F6P6, STM32C011F6U3, STM32C011F6U6TR, STM32C011J4M3, STM32C011J4M6, STM32C011J6M3, STM32C011J6M6, STM32C0316-DK, STM32C031C4T3, STM32C031C4T6, STM32C031C4U3, STM32C031C4U6, STM32C031C6T3, STM32C031C6T6, STM32C031C6U3, STM32C031C6U6, STM32C031F4P3, STM32C031F4P6, STM32C031F6P3, STM32C031F6P6, STM32C031G4U3, STM32C031G4U6, STM32C031G6U3, STM32C031G6U6, STM32C031K4T3, STM32C031K4T6, STM32C031K4U3, STM32C031K4U6, STM32C031K6T3, STM32C031K6T6, STM32C031K6U3, STM32C031K6U6, STM32G071K8TXN, STM32G071K8UXN, STM32G081GBU6N, STM32G081KBT6N, STM32G081KBUXN, STM32G0B1CCT6N, STM32G0B1KCT6, STM32G0B1NEY6TR, STM32G0B1RCT6N, STM32G0C1CCT6, STM32G0C1CCT6N, STM32G0C1CCU6N, STM32G0C1CET6N, STM32G0C1CEU6N, STM32G0C1KCT6, STM32G0C1NEY6TR, STM32G0C1RCI6N, STM32G0C1RCT6N, STM32G0C1REI6N, STM32G0C1RET6N, STM32G0C1VCI6, STM32G0C1VEI6, STM32G471CCT6, STM32G471CCU6, STM32G471CET3, STM32G471CET6, STM32G471CEU3, STM32G471CEU6, STM32G471MCT6, STM32G471MET3, STM32G471MET6, STM32G471MEY6TR, STM32G471QCT6, STM32G471QET3, STM32G471RCT6, STM32G471RET3, STM32G471RET6, STM32G471VCH6, STM32G471VCI6, STM32G471VCT6, STM32G471VEH3, STM32G471VEH6, STM32G471VEI3, STM32G471VEI6, STM32G471VET3, STM32G471VET6, STM32G474CCT6, STM32L476VGY6PTR, STM32L4R5QGI6STR, STM32MP131AAE3, STM32MP131AAF3, STM32MP131AAG3, STM32MP131CAE3, STM32MP131CAF3, STM32MP131CAG3, STM32MP131DAE7, STM32MP131DAF7, STM32MP131DAG7, STM32MP131FAE7, STM32MP131FAF7, STM32MP131FAG7, STM32MP133AAE3, STM32MP133AAF3, STM32MP133AAG3, STM32MP133CAE3, STM32MP133CAF3, STM32MP133CAG3, STM32MP133DAE7, STM32MP133DAF7, STM32MP133DAG7, STM32MP133FAE7, STM32MP133FAF7, STM32MP133FAG7, STM32MP135AAE3, STM32MP135AAF3, STM32MP135AAG3, STM32MP135CAE3, STM32MP135CAF3, STM32MP135CAG3, STM32MP135DAE7, STM32MP135DAF7, STM32MP135DAG7, STM32MP135F-DK, STM32MP135FAE7, STM32MP135FAF7, STM32MP135FAG7, STM32U595ZJT6Q, STM32U599BJY6QTR, STM32U599NIH6Q, STM32U599NJH6Q, STM32U5A5ZJT6Q, STM32U5A9BJY6QTR, STM32U5A9NJH6Q, STM32WB1MMCH6]
2024-08-20 16:41:54,613 [INFO] DbMcus:215 - Found 3852 MCUs, 3852 are supported
2024-08-20 16:41:54,614 [INFO] ApiDb:418 - Load user favorites file /home/juan/.stm32cubeide/favorites.mcus.txt: 0 item(s)
2024-08-20 16:41:54,614 [INFO] ApiDb:422 - User favorites MCUs=[]
2024-08-20 16:41:54,614 [INFO] DbMcus:221 - Set 0 / 0 favorites MCUs
2024-08-20 16:41:55,480 [ERROR] MultiScanPanel:793 - Unable to refresh data
2024-08-20 16:41:55,485 [INFO] ApiDb:663 - CubeFinder database Data Model version=2.1
2024-08-20 16:41:55,486 [INFO] ApiDb:664 - CubeFinder database Configuration version=3.0.39
2024-08-20 16:41:55,486 [INFO] ApiDb:665 - CubeFinder database generation date=2024-01-11 (1704964531)
2024-08-20 16:41:55,486 [INFO] ApiDb:666 - CubeFinder database FW Pack versions=[FP-ATR-ASTRA1_V2.0.0, FP-SNS-FLIGHT1_V5.0.1, FP-SNS-FLIGHT1_V5.0.2, FP-SNS-MOTENV1_V4.3.1, FP-SNS-MOTENV1_V4.3.2, FP-SNS-MOTENVWB1_V1.3.1, FP-SNS-SMARTAG2_V1.2.0, STM32Cube_FW_C0_V1.1.0, STM32Cube_FW_F4_V1.28.0, STM32Cube_FW_F7_V1.17.0, STM32Cube_FW_G0_V1.6.2, STM32Cube_FW_G4_V1.5.2, STM32Cube_FW_H5_V0.5.1, STM32Cube_FW_H5_V1.1.1, STM32Cube_FW_H5_V1.2.0RC2, STM32Cube_FW_H7_V1.11.0, STM32Cube_FW_L0_V1.12.2, STM32Cube_FW_L5_V1.5.0, STM32Cube_FW_U5_V1.3.0RC4, STM32Cube_FW_U5_V1.4.0, STM32Cube_FW_WBA_V1.0.0RC1, STM32Cube_FW_WBA_V1.1.0RC1, STM32Cube_FW_WBA_V1.2.0, STM32Cube_FW_WBA_V1.2.0RC2, STM32Cube_FW_WB_V1.15.0RC1, STM32Cube_FW_WB_V1.16.0, STM32Cube_FW_WB_V1.16.0RC2, STM32Cube_FW_WB_V1.18.0, STM32Cube_FW_WL_V1.3.0, X-CUBE-ALGOBUILD_V1.3.0, X-CUBE-ALS_V1.0.1, X-CUBE-AZRTOS-F4_V1.1.0, X-CUBE-AZRTOS-F7_V1.1.0, X-CUBE-AZRTOS-G0_V1.1.0, X-CUBE-AZRTOS-G4_V2.0.0, X-CUBE-AZRTOS-H7_V3.2.0, X-CUBE-AZRTOS-L4_V1.0.0, X-CUBE-AZRTOS-L4_V2.0.0, X-CUBE-AZRTOS-L5_V1.1.0, X-CUBE-AZRTOS-WB_V2.0.0, X-CUBE-AZRTOS-WL_V2.0.0, X-CUBE-BLE1_V7.0.0, X-CUBE-BLE2_V3.3.0, X-CUBE-BLEMGR_V3.0.0, X-CUBE-EEPRMA1_V4.1.0, X-CUBE-EEPRMA1_V4.2.0, X-CUBE-FREERTOS_V1.1.0, X-CUBE-GNSS1_V6.0.0, X-CUBE-MEMS1_V10.0.0, X-CUBE-MEMS1_V9.1.0, X-CUBE-MEMS1_V9.4.0, X-CUBE-MEMS1_V9.6.0, X-CUBE-NFC4_V3.0.0, X-CUBE-NFC7_V1.0.1, X-CUBE-SFXS2LP1_V4.0.0, X-CUBE-SUBG2_V5.0.0, X-CUBE-TOF1_V3.4.0]
2024-08-20 16:41:55,539 [INFO] DbBoardsSqlite:227 - include board P-NUCLEO-WB55-NUCLEO as a kit item of type 'Nucleo-64'
2024-08-20 16:41:55,539 [INFO] DbBoardsSqlite:227 - include board P-NUCLEO-WB55-USBDONGLE as a kit item of type 'Nucleo USB Dongle'
2024-08-20 16:41:55,539 [INFO] DbBoardsSqlite:227 - include board STEVAL-IDP005V1 as a kit item of type 'Evaluation Board'
2024-08-20 16:41:55,539 [INFO] DbBoardsSqlite:227 - include board STEVAL-IDP005V2 as a kit item of type 'Evaluation Board'
2024-08-20 16:41:55,574 [INFO] ApiDb:239 - Found 138 in-development CPN: [B-WB1M-WPAN1, NUCLEO-C031C6, STEVAL-STWINBX1, STM320518-EVAL, STM32C0116-DK, STM32C011D6Y3TR, STM32C011D6Y6TR, STM32C011F4P3, STM32C011F4P6, STM32C011F4U3, STM32C011F4U6TR, STM32C011F6P3, STM32C011F6P6, STM32C011F6U3, STM32C011F6U6TR, STM32C011J4M3, STM32C011J4M6, STM32C011J6M3, STM32C011J6M6, STM32C0316-DK, STM32C031C4T3, STM32C031C4T6, STM32C031C4U3, STM32C031C4U6, STM32C031C6T3, STM32C031C6T6, STM32C031C6U3, STM32C031C6U6, STM32C031F4P3, STM32C031F4P6, STM32C031F6P3, STM32C031F6P6, STM32C031G4U3, STM32C031G4U6, STM32C031G6U3, STM32C031G6U6, STM32C031K4T3, STM32C031K4T6, STM32C031K4U3, STM32C031K4U6, STM32C031K6T3, STM32C031K6T6, STM32C031K6U3, STM32C031K6U6, STM32G071K8TXN, STM32G071K8UXN, STM32G081GBU6N, STM32G081KBT6N, STM32G081KBUXN, STM32G0B1CCT6N, STM32G0B1KCT6, STM32G0B1NEY6TR, STM32G0B1RCT6N, STM32G0C1CCT6, STM32G0C1CCT6N, STM32G0C1CCU6N, STM32G0C1CET6N, STM32G0C1CEU6N, STM32G0C1KCT6, STM32G0C1NEY6TR, STM32G0C1RCI6N, STM32G0C1RCT6N, STM32G0C1REI6N, STM32G0C1RET6N, STM32G0C1VCI6, STM32G0C1VEI6, STM32G471CCT6, STM32G471CCU6, STM32G471CET3, STM32G471CET6, STM32G471CEU3, STM32G471CEU6, STM32G471MCT6, STM32G471MET3, STM32G471MET6, STM32G471MEY6TR, STM32G471QCT6, STM32G471QET3, STM32G471RCT6, STM32G471RET3, STM32G471RET6, STM32G471VCH6, STM32G471VCI6, STM32G471VCT6, STM32G471VEH3, STM32G471VEH6, STM32G471VEI3, STM32G471VEI6, STM32G471VET3, STM32G471VET6, STM32G474CCT6, STM32L476VGY6PTR, STM32L4R5QGI6STR, STM32MP131AAE3, STM32MP131AAF3, STM32MP131AAG3, STM32MP131CAE3, STM32MP131CAF3, STM32MP131CAG3, STM32MP131DAE7, STM32MP131DAF7, STM32MP131DAG7, STM32MP131FAE7, STM32MP131FAF7, STM32MP131FAG7, STM32MP133AAE3, STM32MP133AAF3, STM32MP133AAG3, STM32MP133CAE3, STM32MP133CAF3, STM32MP133CAG3, STM32MP133DAE7, STM32MP133DAF7, STM32MP133DAG7, STM32MP133FAE7, STM32MP133FAF7, STM32MP133FAG7, STM32MP135AAE3, STM32MP135AAF3, STM32MP135AAG3, STM32MP135CAE3, STM32MP135CAF3, STM32MP135CAG3, STM32MP135DAE7, STM32MP135DAF7, STM32MP135DAG7, STM32MP135F-DK, STM32MP135FAE7, STM32MP135FAF7, STM32MP135FAG7, STM32U595ZJT6Q, STM32U599BJY6QTR, STM32U599NIH6Q, STM32U599NJH6Q, STM32U5A5ZJT6Q, STM32U5A9BJY6QTR, STM32U5A9NJH6Q, STM32WB1MMCH6]
2024-08-20 16:41:55,622 [INFO] BoardInfo:879 - No configuration file found for board NUCLEO-H503RB
2024-08-20 16:41:55,622 [INFO] DbBoards:156 - Board is not supported: NUCLEO-H503RB
2024-08-20 16:41:55,623 [INFO] BoardInfo:879 - No configuration file found for board NUCLEO-H563ZI
2024-08-20 16:41:55,623 [INFO] DbBoards:156 - Board is not supported: NUCLEO-H563ZI
2024-08-20 16:41:55,645 [INFO] BoardInfo:879 - No configuration file found for board NUCLEO-U545RE-Q
2024-08-20 16:41:55,646 [INFO] DbBoards:156 - Board is not supported: NUCLEO-U545RE-Q
2024-08-20 16:41:55,647 [INFO] BoardInfo:879 - No configuration file found for board NUCLEO-U5A5ZJ-Q
2024-08-20 16:41:55,647 [INFO] DbBoards:156 - Board is not supported: NUCLEO-U5A5ZJ-Q
2024-08-20 16:41:55,650 [INFO] BoardInfo:879 - No configuration file found for board NUCLEO-WBA52CG
2024-08-20 16:41:55,650 [INFO] DbBoards:156 - Board is not supported: NUCLEO-WBA52CG
2024-08-20 16:41:55,653 [INFO] BoardInfo:879 - No configuration file found for board P-NUCLEO-WB55
2024-08-20 16:41:55,653 [INFO] DbBoards:156 - Kit is not supported: P-NUCLEO-WB55
2024-08-20 16:41:55,656 [INFO] BoardInfo:879 - No configuration file found for board STEVAL-BFA001V1B
2024-08-20 16:41:55,656 [INFO] DbBoards:156 - Kit is not supported: STEVAL-BFA001V1B
2024-08-20 16:41:55,657 [INFO] BoardInfo:879 - No configuration file found for board STEVAL-BFA001V2B
2024-08-20 16:41:55,657 [INFO] DbBoards:156 - Kit is not supported: STEVAL-BFA001V2B
2024-08-20 16:41:55,659 [INFO] BoardInfo:879 - No configuration file found for board STEVAL-MKBOXPRO
2024-08-20 16:41:55,659 [INFO] DbBoards:156 - Board is not supported: STEVAL-MKBOXPRO
2024-08-20 16:41:55,661 [INFO] BoardInfo:879 - No configuration file found for board STEVAL-PROTEUS1
2024-08-20 16:41:55,661 [INFO] DbBoards:156 - Board is not supported: STEVAL-PROTEUS1
2024-08-20 16:41:55,662 [INFO] BoardInfo:879 - No configuration file found for board STEVAL-SMARTAG2
2024-08-20 16:41:55,662 [INFO] DbBoards:156 - Board is not supported: STEVAL-SMARTAG2
2024-08-20 16:41:55,743 [INFO] BoardInfo:879 - No configuration file found for board STM32H573I-DK
2024-08-20 16:41:55,743 [INFO] DbBoards:156 - Board is not supported: STM32H573I-DK
2024-08-20 16:41:55,770 [INFO] BoardInfo:879 - No configuration file found for board STM32U5A9J-DK
2024-08-20 16:41:55,770 [INFO] DbBoards:156 - Board is not supported: STM32U5A9J-DK
2024-08-20 16:41:55,772 [INFO] DbBoards:160 - Found 187 boards, 174 are supported
2024-08-20 16:41:55,786 [INFO] ApiDb:418 - Load user favorites file /home/juan/.stm32cubeide/favorites.boards.txt: 1 item(s)
2024-08-20 16:41:55,786 [INFO] ApiDb:422 - User favorites Boards=[NUCLEO-F411RE]
2024-08-20 16:41:55,787 [INFO] DbBoards:189 - Set 1 / 1 favorites Boards
2024-08-20 16:41:56,640 [INFO] ServerAccessManage:474 - Download File EmbeddedOffice.I-CUBE-FS-RTOS.pdsc
2024-08-20 16:41:57,249 [WARN] PopulateThirdPartyThread:104 - Error when creating pack: /home/juan/.stm32cubemx/thirdparties/pdsc/STMicroelectronics.FP-SNS-STBOX1.pdsc
2024-08-20 16:41:57,299 [WARN] PackLoader:242 - Cannot read IP mode file for STMicroelectronics.FP-SNS-MOTENV1.5.0.0
2024-08-20 16:41:57,313 [WARN] PackLoader:242 - Cannot read IP mode file for STMicroelectronics.FP-SNS-MOTENVWB1.1.4.0
2024-08-20 16:41:57,323 [WARN] PackLoader:242 - Cannot read IP mode file for STMicroelectronics.X-CUBE-AI.9.0.0
2024-08-20 16:41:57,332 [WARN] PackLoader:242 - Cannot read IP mode file for STMicroelectronics.X-CUBE-ALS.1.0.2
2024-08-20 16:41:57,347 [WARN] PackLoader:242 - Cannot read IP mode file for STMicroelectronics.X-CUBE-BLEMGR.3.1.0
2024-08-20 16:41:57,357 [WARN] PopulateThirdPartyThread:104 - Error when creating pack: /home/juan/.stm32cubemx/thirdparties/pdsc/STMicroelectronics.X-CUBE-DPOWER.pdsc
2024-08-20 16:41:57,368 [WARN] PackLoader:242 - Cannot read IP mode file for STMicroelectronics.X-CUBE-FREERTOS.1.2.0
2024-08-20 16:41:57,434 [WARN] PackLoader:242 - Cannot read IP mode file for STMicroelectronics.X-CUBE-MEMS1.11.0.0
2024-08-20 16:41:57,481 [INFO] CheckServerUpdateThread:119 - End of CheckServer Thread
2024-08-20 16:41:57,565 [WARN] PackLoader:242 - Cannot read IP mode file for STMicroelectronics.X-CUBE-NFC6.3.1.0
2024-08-20 16:41:57,602 [WARN] PackLoader:242 - Cannot read IP mode file for STMicroelectronics.X-CUBE-SAFEA1.1.2.2
2024-08-20 16:41:57,609 [WARN] PackLoader:242 - Cannot read IP mode file for STMicroelectronics.X-CUBE-TCPP.4.1.0
2024-08-20 16:41:57,617 [WARN] PopulateThirdPartyThread:104 - Error when creating pack: /home/juan/.stm32cubemx/thirdparties/pdsc/STMicroelectronics.X-CUBE-TOF1.pdsc
2024-08-20 16:41:57,622 [WARN] PackLoader:242 - Cannot read IP mode file for STMicroelectronics.X-CUBE-TOUCHGFX.4.24.0
2024-08-20 16:41:57,629 [WARN] PackLoader:242 - Cannot read IP mode file for STMicroelectronics.X-CUBE-ALGOBUILD.1.4.0
2024-08-20 16:41:57,646 [WARN] PackLoader:242 - Cannot read IP mode file for STMicroelectronics.X-CUBE-AZRTOS-H7.3.3.0
2024-08-20 16:41:57,664 [WARN] PackLoader:242 - Cannot read IP mode file for STMicroelectronics.X-CUBE-AZRTOS-H7RS.1.0.0
2024-08-20 16:41:57,669 [WARN] PackLoader:242 - Cannot read IP mode file for wolfSSL.I-CUBE-wolfMQTT.1.19.0
2024-08-20 16:41:57,672 [WARN] PackLoader:242 - Cannot read IP mode file for wolfSSL.I-CUBE-wolfTPM.3.4.0
2024-08-20 16:41:57,674 [WARN] PackLoader:242 - Cannot read IP mode file for wolfSSL.I-CUBE-wolfSSH.1.4.17
2024-08-20 16:41:57,677 [WARN] PackLoader:242 - Cannot read IP mode file for Cesanta.I-CUBE-Mongoose.7.13.0
2024-08-20 16:41:57,679 [WARN] PopulateThirdPartyThread:104 - Error when creating pack: /home/juan/.stm32cubemx/thirdparties/pdsc/EmbeddedOffice.I-CUBE-FS-RTOS.pdsc
2024-08-20 16:41:57,680 [INFO] PopulateThirdPartyThread:64 - Ending populate Thread
2024-08-20 16:41:57,682 [INFO] ThirdParty:981 - CMSIS Pack Vendor :STMicroelectronics X-CUBE-BLEMGR 3.1.0
2024-08-20 16:41:57,683 [INFO] ThirdParty:981 - CMSIS Pack Vendor :STMicroelectronics X-CUBE-AZRTOS-H7 3.3.0
2024-08-20 16:41:57,683 [INFO] ThirdParty:981 - CMSIS Pack Vendor :STMicroelectronics FP-SNS-MOTENVWB1 1.4.0
2024-08-20 16:41:57,683 [INFO] ThirdParty:981 - CMSIS Pack Vendor :STMicroelectronics X-CUBE-MEMS1 11.0.0
2024-08-20 16:41:57,683 [INFO] ThirdParty:981 - CMSIS Pack Vendor :STMicroelectronics X-CUBE-ALGOBUILD 1.4.0
2024-08-20 16:41:57,683 [INFO] ThirdParty:981 - CMSIS Pack Vendor :STMicroelectronics FP-SNS-MOTENV1 5.0.0
2024-08-20 16:41:57,683 [INFO] ThirdParty:981 - CMSIS Pack Vendor :STMicroelectronics X-CUBE-SAFEA1 1.2.2
2024-08-20 16:41:57,683 [INFO] ThirdParty:981 - CMSIS Pack Vendor :STMicroelectronics X-CUBE-TCPP 4.1.0
2024-08-20 16:41:57,683 [INFO] ThirdParty:981 - CMSIS Pack Vendor :STMicroelectronics X-CUBE-AZRTOS-H7RS 1.0.0
2024-08-20 16:41:57,683 [INFO] ThirdParty:981 - CMSIS Pack Vendor :wolfSSL I-CUBE-wolfMQTT 1.19.0
2024-08-20 16:41:57,683 [INFO] ThirdParty:981 - CMSIS Pack Vendor :STMicroelectronics X-CUBE-ALS 1.0.2
2024-08-20 16:41:57,683 [INFO] ThirdParty:981 - CMSIS Pack Vendor :STMicroelectronics X-CUBE-FREERTOS 1.2.0
2024-08-20 16:41:57,683 [INFO] ThirdParty:981 - CMSIS Pack Vendor :STMicroelectronics X-CUBE-TOUCHGFX 4.24.0
2024-08-20 16:41:57,683 [INFO] ThirdParty:981 - CMSIS Pack Vendor :Cesanta I-CUBE-Mongoose 7.13.0
2024-08-20 16:41:57,683 [INFO] ThirdParty:981 - CMSIS Pack Vendor :STMicroelectronics X-CUBE-AI 9.0.0
2024-08-20 16:41:57,683 [INFO] ThirdParty:981 - CMSIS Pack Vendor :wolfSSL I-CUBE-wolfTPM 3.4.0
2024-08-20 16:41:57,683 [INFO] ThirdParty:981 - CMSIS Pack Vendor :wolfSSL I-CUBE-wolfSSH 1.4.17
2024-08-20 16:41:57,683 [INFO] ThirdParty:981 - CMSIS Pack Vendor :STMicroelectronics X-CUBE-NFC6 3.1.0
2024-08-20 16:41:57,684 [INFO] LoadServerUpdatesThread:367 - End of LoadServerUpdate Thread
2024-08-20 16:41:58,489 [INFO] McuFinderGlobals:57 - Set McuFinderConnectedMode to true
2024-08-20 16:41:58,493 [INFO] ApiDb:443 - Save user favorites file /home/juan/.stm32cubeide/favorites.mcus.txt: 0 item(s)
2024-08-20 16:41:58,494 [INFO] ApiDb:447 - User favorites MCUs=[]
